ARM GAS  C:\Users\serga\AppData\Local\Temp\ccuMdEeR.s 			page 1


   1              		.syntax unified
   2              		.cpu cortex-m3
   3              		.fpu softvfp
   4              		.eabi_attribute 20, 1
   5              		.eabi_attribute 21, 1
   6              		.eabi_attribute 23, 3
   7              		.eabi_attribute 24, 1
   8              		.eabi_attribute 25, 1
   9              		.eabi_attribute 26, 1
  10              		.eabi_attribute 30, 1
  11              		.eabi_attribute 34, 1
  12              		.eabi_attribute 18, 4
  13              		.thumb
  14              		.syntax unified
  15              		.file	"main.c"
  16              		.text
  17              	.Ltext0:
  18              		.cfi_sections	.debug_frame
  19              		.section	.text.main,"ax",%progbits
  20              		.align	2
  21              		.global	main
  22              		.thumb
  23              		.thumb_func
  24              		.type	main, %function
  25              	main:
  26              	.LFB63:
  27              		.file 1 "main.c"
   1:main.c        **** /* ========================================
   2:main.c        ****  *
   3:main.c        ****  * Copyright YOUR COMPANY, THE YEAR
   4:main.c        ****  * All Rights Reserved
   5:main.c        ****  * UNPUBLISHED, LICENSED SOFTWARE.
   6:main.c        ****  *
   7:main.c        ****  * CONFIDENTIAL AND PROPRIETARY INFORMATION
   8:main.c        ****  * WHICH IS THE PROPERTY OF your company.
   9:main.c        ****  *
  10:main.c        ****  * ========================================
  11:main.c        **** */
  12:main.c        **** #include "project.h"
  13:main.c        **** 
  14:main.c        **** int main(void)
  15:main.c        **** {
  28              		.loc 1 15 0
  29              		.cfi_startproc
  30              		@ Volatile: function does not return.
  31              		@ args = 0, pretend = 0, frame = 0
  32              		@ frame_needed = 0, uses_anonymous_args = 0
  33 0000 08B5     		push	{r3, lr}
  34              		.cfi_def_cfa_offset 8
  35              		.cfi_offset 3, -8
  36              		.cfi_offset 14, -4
  16:main.c        ****     CyGlobalIntEnable; /* Enable global interrupts. */
  37              		.loc 1 16 0
  38              		.syntax unified
  39              	@ 16 "main.c" 1
  40 0002 62B6     		CPSIE   i
  41              	@ 0 "" 2
ARM GAS  C:\Users\serga\AppData\Local\Temp\ccuMdEeR.s 			page 2


  42              		.thumb
  43              		.syntax unified
  44              	.L2:
  17:main.c        **** 
  18:main.c        ****     /* Place your initialization/startup code here (e.g. MyInst_Start()) */
  19:main.c        **** 
  20:main.c        ****     for(;;)
  21:main.c        ****     {
  22:main.c        ****         /* Place your application code here. */
  23:main.c        ****         LED_Write(1);
  45              		.loc 1 23 0 discriminator 1
  46 0004 0120     		movs	r0, #1
  47 0006 FFF7FEFF 		bl	LED_Write
  48              	.LVL0:
  24:main.c        ****         CyDelay(500);
  49              		.loc 1 24 0 discriminator 1
  50 000a 4FF4FA70 		mov	r0, #500
  51 000e FFF7FEFF 		bl	CyDelay
  52              	.LVL1:
  25:main.c        ****         LED_Write(0);
  53              		.loc 1 25 0 discriminator 1
  54 0012 0020     		movs	r0, #0
  55 0014 FFF7FEFF 		bl	LED_Write
  56              	.LVL2:
  26:main.c        ****         CyDelay(500);
  57              		.loc 1 26 0 discriminator 1
  58 0018 4FF4FA70 		mov	r0, #500
  59 001c FFF7FEFF 		bl	CyDelay
  60              	.LVL3:
  61 0020 F0E7     		b	.L2
  62              		.cfi_endproc
  63              	.LFE63:
  64              		.size	main, .-main
  65 0022 00BF     		.text
  66              	.Letext0:
  67              		.file 2 "c:\\program files (x86)\\cypress\\psoc creator\\4.4\\psoc creator\\import\\gnu\\arm\\5.4.
  68              		.file 3 "c:\\program files (x86)\\cypress\\psoc creator\\4.4\\psoc creator\\import\\gnu\\arm\\5.4.
  69              		.file 4 "Generated_Source\\PSoC5/LED.h"
  70              		.file 5 "Generated_Source\\PSoC5/CyLib.h"
  71              		.file 6 "Generated_Source\\PSoC5/core_cm3.h"
  72              		.section	.debug_info,"",%progbits
  73              	.Ldebug_info0:
  74 0000 2E010000 		.4byte	0x12e
  75 0004 0400     		.2byte	0x4
  76 0006 00000000 		.4byte	.Ldebug_abbrev0
  77 000a 04       		.byte	0x4
  78 000b 01       		.uleb128 0x1
  79 000c 3A000000 		.4byte	.LASF18
  80 0010 0C       		.byte	0xc
  81 0011 2E000000 		.4byte	.LASF19
  82 0015 03010000 		.4byte	.LASF20
  83 0019 00000000 		.4byte	.Ldebug_ranges0+0
  84 001d 00000000 		.4byte	0
  85 0021 00000000 		.4byte	.Ldebug_line0
  86 0025 02       		.uleb128 0x2
  87 0026 01       		.byte	0x1
  88 0027 06       		.byte	0x6
ARM GAS  C:\Users\serga\AppData\Local\Temp\ccuMdEeR.s 			page 3


  89 0028 69010000 		.4byte	.LASF0
  90 002c 02       		.uleb128 0x2
  91 002d 01       		.byte	0x1
  92 002e 08       		.byte	0x8
  93 002f 39010000 		.4byte	.LASF1
  94 0033 02       		.uleb128 0x2
  95 0034 02       		.byte	0x2
  96 0035 05       		.byte	0x5
  97 0036 91010000 		.4byte	.LASF2
  98 003a 02       		.uleb128 0x2
  99 003b 02       		.byte	0x2
 100 003c 07       		.byte	0x7
 101 003d 0E000000 		.4byte	.LASF3
 102 0041 03       		.uleb128 0x3
 103 0042 81010000 		.4byte	.LASF9
 104 0046 02       		.byte	0x2
 105 0047 3F       		.byte	0x3f
 106 0048 4C000000 		.4byte	0x4c
 107 004c 02       		.uleb128 0x2
 108 004d 04       		.byte	0x4
 109 004e 05       		.byte	0x5
 110 004f 4C010000 		.4byte	.LASF4
 111 0053 02       		.uleb128 0x2
 112 0054 04       		.byte	0x4
 113 0055 07       		.byte	0x7
 114 0056 DA000000 		.4byte	.LASF5
 115 005a 02       		.uleb128 0x2
 116 005b 08       		.byte	0x8
 117 005c 05       		.byte	0x5
 118 005d 00000000 		.4byte	.LASF6
 119 0061 02       		.uleb128 0x2
 120 0062 08       		.byte	0x8
 121 0063 07       		.byte	0x7
 122 0064 EC000000 		.4byte	.LASF7
 123 0068 04       		.uleb128 0x4
 124 0069 04       		.byte	0x4
 125 006a 05       		.byte	0x5
 126 006b 696E7400 		.ascii	"int\000"
 127 006f 02       		.uleb128 0x2
 128 0070 04       		.byte	0x4
 129 0071 07       		.byte	0x7
 130 0072 21000000 		.4byte	.LASF8
 131 0076 03       		.uleb128 0x3
 132 0077 9B010000 		.4byte	.LASF10
 133 007b 03       		.byte	0x3
 134 007c 2C       		.byte	0x2c
 135 007d 41000000 		.4byte	0x41
 136 0081 02       		.uleb128 0x2
 137 0082 04       		.byte	0x4
 138 0083 04       		.byte	0x4
 139 0084 8B010000 		.4byte	.LASF11
 140 0088 02       		.uleb128 0x2
 141 0089 08       		.byte	0x8
 142 008a 04       		.byte	0x4
 143 008b 55010000 		.4byte	.LASF12
 144 008f 02       		.uleb128 0x2
 145 0090 01       		.byte	0x1
ARM GAS  C:\Users\serga\AppData\Local\Temp\ccuMdEeR.s 			page 4


 146 0091 08       		.byte	0x8
 147 0092 47010000 		.4byte	.LASF13
 148 0096 02       		.uleb128 0x2
 149 0097 04       		.byte	0x4
 150 0098 07       		.byte	0x7
 151 0099 A3010000 		.4byte	.LASF14
 152 009d 02       		.uleb128 0x2
 153 009e 08       		.byte	0x8
 154 009f 04       		.byte	0x4
 155 00a0 75010000 		.4byte	.LASF15
 156 00a4 05       		.uleb128 0x5
 157 00a5 35000000 		.4byte	.LASF21
 158 00a9 01       		.byte	0x1
 159 00aa 0E       		.byte	0xe
 160 00ab 68000000 		.4byte	0x68
 161 00af 00000000 		.4byte	.LFB63
 162 00b3 22000000 		.4byte	.LFE63-.LFB63
 163 00b7 01       		.uleb128 0x1
 164 00b8 9C       		.byte	0x9c
 165 00b9 0A010000 		.4byte	0x10a
 166 00bd 06       		.uleb128 0x6
 167 00be 0A000000 		.4byte	.LVL0
 168 00c2 1B010000 		.4byte	0x11b
 169 00c6 D0000000 		.4byte	0xd0
 170 00ca 07       		.uleb128 0x7
 171 00cb 01       		.uleb128 0x1
 172 00cc 50       		.byte	0x50
 173 00cd 01       		.uleb128 0x1
 174 00ce 31       		.byte	0x31
 175 00cf 00       		.byte	0
 176 00d0 06       		.uleb128 0x6
 177 00d1 12000000 		.4byte	.LVL1
 178 00d5 26010000 		.4byte	0x126
 179 00d9 E5000000 		.4byte	0xe5
 180 00dd 07       		.uleb128 0x7
 181 00de 01       		.uleb128 0x1
 182 00df 50       		.byte	0x50
 183 00e0 03       		.uleb128 0x3
 184 00e1 0A       		.byte	0xa
 185 00e2 F401     		.2byte	0x1f4
 186 00e4 00       		.byte	0
 187 00e5 06       		.uleb128 0x6
 188 00e6 18000000 		.4byte	.LVL2
 189 00ea 1B010000 		.4byte	0x11b
 190 00ee F8000000 		.4byte	0xf8
 191 00f2 07       		.uleb128 0x7
 192 00f3 01       		.uleb128 0x1
 193 00f4 50       		.byte	0x50
 194 00f5 01       		.uleb128 0x1
 195 00f6 30       		.byte	0x30
 196 00f7 00       		.byte	0
 197 00f8 08       		.uleb128 0x8
 198 00f9 20000000 		.4byte	.LVL3
 199 00fd 26010000 		.4byte	0x126
 200 0101 07       		.uleb128 0x7
 201 0102 01       		.uleb128 0x1
 202 0103 50       		.byte	0x50
ARM GAS  C:\Users\serga\AppData\Local\Temp\ccuMdEeR.s 			page 5


 203 0104 03       		.uleb128 0x3
 204 0105 0A       		.byte	0xa
 205 0106 F401     		.2byte	0x1f4
 206 0108 00       		.byte	0
 207 0109 00       		.byte	0
 208 010a 09       		.uleb128 0x9
 209 010b 5C010000 		.4byte	.LASF22
 210 010f 06       		.byte	0x6
 211 0110 1207     		.2byte	0x712
 212 0112 16010000 		.4byte	0x116
 213 0116 0A       		.uleb128 0xa
 214 0117 76000000 		.4byte	0x76
 215 011b 0B       		.uleb128 0xb
 216 011c D0000000 		.4byte	.LASF16
 217 0120 D0000000 		.4byte	.LASF16
 218 0124 04       		.byte	0x4
 219 0125 26       		.byte	0x26
 220 0126 0B       		.uleb128 0xb
 221 0127 C8000000 		.4byte	.LASF17
 222 012b C8000000 		.4byte	.LASF17
 223 012f 05       		.byte	0x5
 224 0130 76       		.byte	0x76
 225 0131 00       		.byte	0
 226              		.section	.debug_abbrev,"",%progbits
 227              	.Ldebug_abbrev0:
 228 0000 01       		.uleb128 0x1
 229 0001 11       		.uleb128 0x11
 230 0002 01       		.byte	0x1
 231 0003 25       		.uleb128 0x25
 232 0004 0E       		.uleb128 0xe
 233 0005 13       		.uleb128 0x13
 234 0006 0B       		.uleb128 0xb
 235 0007 03       		.uleb128 0x3
 236 0008 0E       		.uleb128 0xe
 237 0009 1B       		.uleb128 0x1b
 238 000a 0E       		.uleb128 0xe
 239 000b 55       		.uleb128 0x55
 240 000c 17       		.uleb128 0x17
 241 000d 11       		.uleb128 0x11
 242 000e 01       		.uleb128 0x1
 243 000f 10       		.uleb128 0x10
 244 0010 17       		.uleb128 0x17
 245 0011 00       		.byte	0
 246 0012 00       		.byte	0
 247 0013 02       		.uleb128 0x2
 248 0014 24       		.uleb128 0x24
 249 0015 00       		.byte	0
 250 0016 0B       		.uleb128 0xb
 251 0017 0B       		.uleb128 0xb
 252 0018 3E       		.uleb128 0x3e
 253 0019 0B       		.uleb128 0xb
 254 001a 03       		.uleb128 0x3
 255 001b 0E       		.uleb128 0xe
 256 001c 00       		.byte	0
 257 001d 00       		.byte	0
 258 001e 03       		.uleb128 0x3
 259 001f 16       		.uleb128 0x16
ARM GAS  C:\Users\serga\AppData\Local\Temp\ccuMdEeR.s 			page 6


 260 0020 00       		.byte	0
 261 0021 03       		.uleb128 0x3
 262 0022 0E       		.uleb128 0xe
 263 0023 3A       		.uleb128 0x3a
 264 0024 0B       		.uleb128 0xb
 265 0025 3B       		.uleb128 0x3b
 266 0026 0B       		.uleb128 0xb
 267 0027 49       		.uleb128 0x49
 268 0028 13       		.uleb128 0x13
 269 0029 00       		.byte	0
 270 002a 00       		.byte	0
 271 002b 04       		.uleb128 0x4
 272 002c 24       		.uleb128 0x24
 273 002d 00       		.byte	0
 274 002e 0B       		.uleb128 0xb
 275 002f 0B       		.uleb128 0xb
 276 0030 3E       		.uleb128 0x3e
 277 0031 0B       		.uleb128 0xb
 278 0032 03       		.uleb128 0x3
 279 0033 08       		.uleb128 0x8
 280 0034 00       		.byte	0
 281 0035 00       		.byte	0
 282 0036 05       		.uleb128 0x5
 283 0037 2E       		.uleb128 0x2e
 284 0038 01       		.byte	0x1
 285 0039 3F       		.uleb128 0x3f
 286 003a 19       		.uleb128 0x19
 287 003b 03       		.uleb128 0x3
 288 003c 0E       		.uleb128 0xe
 289 003d 3A       		.uleb128 0x3a
 290 003e 0B       		.uleb128 0xb
 291 003f 3B       		.uleb128 0x3b
 292 0040 0B       		.uleb128 0xb
 293 0041 27       		.uleb128 0x27
 294 0042 19       		.uleb128 0x19
 295 0043 49       		.uleb128 0x49
 296 0044 13       		.uleb128 0x13
 297 0045 8701     		.uleb128 0x87
 298 0047 19       		.uleb128 0x19
 299 0048 11       		.uleb128 0x11
 300 0049 01       		.uleb128 0x1
 301 004a 12       		.uleb128 0x12
 302 004b 06       		.uleb128 0x6
 303 004c 40       		.uleb128 0x40
 304 004d 18       		.uleb128 0x18
 305 004e 9742     		.uleb128 0x2117
 306 0050 19       		.uleb128 0x19
 307 0051 01       		.uleb128 0x1
 308 0052 13       		.uleb128 0x13
 309 0053 00       		.byte	0
 310 0054 00       		.byte	0
 311 0055 06       		.uleb128 0x6
 312 0056 898201   		.uleb128 0x4109
 313 0059 01       		.byte	0x1
 314 005a 11       		.uleb128 0x11
 315 005b 01       		.uleb128 0x1
 316 005c 31       		.uleb128 0x31
ARM GAS  C:\Users\serga\AppData\Local\Temp\ccuMdEeR.s 			page 7


 317 005d 13       		.uleb128 0x13
 318 005e 01       		.uleb128 0x1
 319 005f 13       		.uleb128 0x13
 320 0060 00       		.byte	0
 321 0061 00       		.byte	0
 322 0062 07       		.uleb128 0x7
 323 0063 8A8201   		.uleb128 0x410a
 324 0066 00       		.byte	0
 325 0067 02       		.uleb128 0x2
 326 0068 18       		.uleb128 0x18
 327 0069 9142     		.uleb128 0x2111
 328 006b 18       		.uleb128 0x18
 329 006c 00       		.byte	0
 330 006d 00       		.byte	0
 331 006e 08       		.uleb128 0x8
 332 006f 898201   		.uleb128 0x4109
 333 0072 01       		.byte	0x1
 334 0073 11       		.uleb128 0x11
 335 0074 01       		.uleb128 0x1
 336 0075 31       		.uleb128 0x31
 337 0076 13       		.uleb128 0x13
 338 0077 00       		.byte	0
 339 0078 00       		.byte	0
 340 0079 09       		.uleb128 0x9
 341 007a 34       		.uleb128 0x34
 342 007b 00       		.byte	0
 343 007c 03       		.uleb128 0x3
 344 007d 0E       		.uleb128 0xe
 345 007e 3A       		.uleb128 0x3a
 346 007f 0B       		.uleb128 0xb
 347 0080 3B       		.uleb128 0x3b
 348 0081 05       		.uleb128 0x5
 349 0082 49       		.uleb128 0x49
 350 0083 13       		.uleb128 0x13
 351 0084 3F       		.uleb128 0x3f
 352 0085 19       		.uleb128 0x19
 353 0086 3C       		.uleb128 0x3c
 354 0087 19       		.uleb128 0x19
 355 0088 00       		.byte	0
 356 0089 00       		.byte	0
 357 008a 0A       		.uleb128 0xa
 358 008b 35       		.uleb128 0x35
 359 008c 00       		.byte	0
 360 008d 49       		.uleb128 0x49
 361 008e 13       		.uleb128 0x13
 362 008f 00       		.byte	0
 363 0090 00       		.byte	0
 364 0091 0B       		.uleb128 0xb
 365 0092 2E       		.uleb128 0x2e
 366 0093 00       		.byte	0
 367 0094 3F       		.uleb128 0x3f
 368 0095 19       		.uleb128 0x19
 369 0096 3C       		.uleb128 0x3c
 370 0097 19       		.uleb128 0x19
 371 0098 6E       		.uleb128 0x6e
 372 0099 0E       		.uleb128 0xe
 373 009a 03       		.uleb128 0x3
ARM GAS  C:\Users\serga\AppData\Local\Temp\ccuMdEeR.s 			page 8


 374 009b 0E       		.uleb128 0xe
 375 009c 3A       		.uleb128 0x3a
 376 009d 0B       		.uleb128 0xb
 377 009e 3B       		.uleb128 0x3b
 378 009f 0B       		.uleb128 0xb
 379 00a0 00       		.byte	0
 380 00a1 00       		.byte	0
 381 00a2 00       		.byte	0
 382              		.section	.debug_aranges,"",%progbits
 383 0000 1C000000 		.4byte	0x1c
 384 0004 0200     		.2byte	0x2
 385 0006 00000000 		.4byte	.Ldebug_info0
 386 000a 04       		.byte	0x4
 387 000b 00       		.byte	0
 388 000c 0000     		.2byte	0
 389 000e 0000     		.2byte	0
 390 0010 00000000 		.4byte	.LFB63
 391 0014 22000000 		.4byte	.LFE63-.LFB63
 392 0018 00000000 		.4byte	0
 393 001c 00000000 		.4byte	0
 394              		.section	.debug_ranges,"",%progbits
 395              	.Ldebug_ranges0:
 396 0000 00000000 		.4byte	.LFB63
 397 0004 22000000 		.4byte	.LFE63
 398 0008 00000000 		.4byte	0
 399 000c 00000000 		.4byte	0
 400              		.section	.debug_line,"",%progbits
 401              	.Ldebug_line0:
 402 0000 7D010000 		.section	.debug_str,"MS",%progbits,1
 402      02005301 
 402      00000201 
 402      FB0E0D00 
 402      01010101 
 403              	.LASF6:
 404 0000 6C6F6E67 		.ascii	"long long int\000"
 404      206C6F6E 
 404      6720696E 
 404      7400
 405              	.LASF3:
 406 000e 73686F72 		.ascii	"short unsigned int\000"
 406      7420756E 
 406      7369676E 
 406      65642069 
 406      6E7400
 407              	.LASF8:
 408 0021 756E7369 		.ascii	"unsigned int\000"
 408      676E6564 
 408      20696E74 
 408      00
 409              	.LASF19:
 410 002e 6D61696E 		.ascii	"main.c\000"
 410      2E6300
 411              	.LASF21:
 412 0035 6D61696E 		.ascii	"main\000"
 412      00
 413              	.LASF18:
 414 003a 474E5520 		.ascii	"GNU C11 5.4.1 20160609 (release) [ARM/embedded-5-br"
ARM GAS  C:\Users\serga\AppData\Local\Temp\ccuMdEeR.s 			page 9


 414      43313120 
 414      352E342E 
 414      31203230 
 414      31363036 
 415 006d 616E6368 		.ascii	"anch revision 237715] -mcpu=cortex-m3 -mthumb -g -O"
 415      20726576 
 415      6973696F 
 415      6E203233 
 415      37373135 
 416 00a0 67202D66 		.ascii	"g -ffunction-sections -ffat-lto-objects\000"
 416      66756E63 
 416      74696F6E 
 416      2D736563 
 416      74696F6E 
 417              	.LASF17:
 418 00c8 43794465 		.ascii	"CyDelay\000"
 418      6C617900 
 419              	.LASF16:
 420 00d0 4C45445F 		.ascii	"LED_Write\000"
 420      57726974 
 420      6500
 421              	.LASF5:
 422 00da 6C6F6E67 		.ascii	"long unsigned int\000"
 422      20756E73 
 422      69676E65 
 422      6420696E 
 422      7400
 423              	.LASF7:
 424 00ec 6C6F6E67 		.ascii	"long long unsigned int\000"
 424      206C6F6E 
 424      6720756E 
 424      7369676E 
 424      65642069 
 425              	.LASF20:
 426 0103 443A5C50 		.ascii	"D:\\Projects\\Git\\PPAZ\\ppaz_lab_1.cydsn\\LED_Blin"
 426      726F6A65 
 426      6374735C 
 426      4769745C 
 426      5050415A 
 427 0131 6B2E6379 		.ascii	"k.cydsn\000"
 427      64736E00 
 428              	.LASF1:
 429 0139 756E7369 		.ascii	"unsigned char\000"
 429      676E6564 
 429      20636861 
 429      7200
 430              	.LASF13:
 431 0147 63686172 		.ascii	"char\000"
 431      00
 432              	.LASF4:
 433 014c 6C6F6E67 		.ascii	"long int\000"
 433      20696E74 
 433      00
 434              	.LASF12:
 435 0155 646F7562 		.ascii	"double\000"
 435      6C6500
 436              	.LASF22:
ARM GAS  C:\Users\serga\AppData\Local\Temp\ccuMdEeR.s 			page 10


 437 015c 49544D5F 		.ascii	"ITM_RxBuffer\000"
 437      52784275 
 437      66666572 
 437      00
 438              	.LASF0:
 439 0169 7369676E 		.ascii	"signed char\000"
 439      65642063 
 439      68617200 
 440              	.LASF15:
 441 0175 6C6F6E67 		.ascii	"long double\000"
 441      20646F75 
 441      626C6500 
 442              	.LASF9:
 443 0181 5F5F696E 		.ascii	"__int32_t\000"
 443      7433325F 
 443      7400
 444              	.LASF11:
 445 018b 666C6F61 		.ascii	"float\000"
 445      7400
 446              	.LASF2:
 447 0191 73686F72 		.ascii	"short int\000"
 447      7420696E 
 447      7400
 448              	.LASF10:
 449 019b 696E7433 		.ascii	"int32_t\000"
 449      325F7400 
 450              	.LASF14:
 451 01a3 73697A65 		.ascii	"sizetype\000"
 451      74797065 
 451      00
 452              		.ident	"GCC: (GNU Tools for ARM Embedded Processors) 5.4.1 20160609 (release) [ARM/embedded-5-bran
